<?xml version="1.0" encoding="UTF-8"?>
<!-- Generated by org.testng.reporters.JUnitXMLReporter -->
<testsuite ignored="1" hostname="DESKTOP-U8GTKB3" failures="0" tests="1" name="Error Validations Test" time="63.792" errors="0" timestamp="2024-04-23T17:06:38 IST">
  <testcase classname="E2ETesting.ErrorValidations" name="LoginErrorValidation" time="1.552"/>
  <testcase classname="E2ETesting.ErrorValidations" name="ProductErrorValidation" time="0.0">
    <ignored/>
  </testcase> <!-- ProductErrorValidation -->
</testsuite> <!-- Error Validations Test -->
