<?xml version="1.0" encoding="UTF-8"?>
<!-- Generated by org.testng.reporters.JUnitXMLReporter -->
<testsuite ignored="2" hostname="DESKTOP-U8GTKB3" failures="0" tests="0" time="0.017" errors="0" timestamp="2024-04-23T17:05:36 IST">
  <testcase classname="E2ETesting.SubmitOrderTest_Improvised" name="verifyOrderHistory" time="0.0">
    <ignored/>
  </testcase> <!-- verifyOrderHistory -->
  <testcase classname="E2ETesting.SubmitOrderTest_Improvised" name="submitOrder2" time="0.0">
    <ignored/>
  </testcase> <!-- submitOrder2 -->
</testsuite>
