<?xml version="1.0" encoding="UTF-8"?>
<testng-results ignored="0" total="1" passed="1" failed="0" skipped="0">
  <reporter-output>
  </reporter-output>
  <suite started-at="2024-04-23T17:05:34 IST" name="Suite" finished-at="2024-04-23T17:06:38 IST" duration-ms="63792">
    <groups>
      <group name="ErrorHandling">
        <method signature="ErrorValidations.LoginErrorValidation()[pri:0, instance:E2ETesting.ErrorValidations@13ad5cd3]" name="LoginErrorValidation" class="E2ETesting.ErrorValidations"/>
      </group> <!-- ErrorHandling -->
    </groups>
    <test started-at="2024-04-23T17:05:34 IST" name="Submit Order Test" finished-at="2024-04-23T17:05:34 IST" duration-ms="17">
    </test> <!-- Submit Order Test -->
    <test started-at="2024-04-23T17:05:34 IST" name="Error Validations Test" finished-at="2024-04-23T17:06:38 IST" duration-ms="63792">
      <class name="E2ETesting.ErrorValidations">
        <test-method is-config="true" signature="launchApplication()[pri:0, instance:E2ETesting.ErrorValidations@13ad5cd3]" started-at="2024-04-23T17:05:34 IST" name="launchApplication" finished-at="2024-04-23T17:06:36 IST" duration-ms="62047" status="PASS">
          <reporter-output>
          </reporter-output>
        </test-method> <!-- launchApplication -->
        <test-method signature="LoginErrorValidation()[pri:0, instance:E2ETesting.ErrorValidations@13ad5cd3]" started-at="2024-04-23T17:06:36 IST" name="LoginErrorValidation" finished-at="2024-04-23T17:06:38 IST" duration-ms="1552" status="PASS">
          <reporter-output>
          </reporter-output>
        </test-method> <!-- LoginErrorValidation -->
        <test-method is-config="true" signature="tearDown()[pri:0, instance:E2ETesting.ErrorValidations@13ad5cd3]" started-at="2024-04-23T17:06:38 IST" name="tearDown" finished-at="2024-04-23T17:06:38 IST" duration-ms="85" status="PASS">
          <reporter-output>
          </reporter-output>
        </test-method> <!-- tearDown -->
      </class> <!-- E2ETesting.ErrorValidations -->
    </test> <!-- Error Validations Test -->
  </suite> <!-- Suite -->
</testng-results>
